\BOOKMARK [1][-]{section.1}{\376\377\004\032\004\076\004\074\004\077\004\073\004\065\004\072\004\101\004\075\004\126\000\040\004\107\004\070\004\101\004\073\004\060}{}% 1
\BOOKMARK [2][-]{subsection.1.1}{\376\377\004\020\004\100\004\070\004\104\004\074\004\065\004\102\004\070\004\072\004\060}{section.1}% 2
\BOOKMARK [2][-]{subsection.1.2}{\376\377\004\023\004\065\004\076\004\074\004\065\004\102\004\100\004\070\004\107\004\075\004\060\000\040\004\126\004\075\004\102\004\065\004\100\004\077\004\100\004\065\004\102\004\060\004\106\004\126\004\117\000\040\004\102\004\060\000\040\004\064\004\076\004\064\004\060\004\102\004\072\004\076\004\062\004\060\000\040\004\060\004\100\004\070\004\104\004\074\004\065\004\102\004\070\004\072\004\060}{section.1}% 3
\BOOKMARK [2][-]{subsection.1.3}{\376\377\004\032\004\062\004\060\004\064\004\100\004\060\004\102\004\075\004\126\000\040\004\100\004\126\004\062\004\075\004\117\004\075\004\075\004\117}{section.1}% 4
\BOOKMARK [2][-]{subsection.1.4}{\376\377\004\037\004\076\004\072\004\060\004\067\004\075\004\070\004\072\004\076\004\062\004\060\000\040\004\104\004\076\004\100\004\074\004\103\004\073\004\060}{section.1}% 5
\BOOKMARK [1][-]{section.2}{\376\377\004\006\004\075\004\110\004\126\000\040\004\102\004\065\004\074\004\070}{}% 6
\BOOKMARK [2][-]{subsection.2.1}{\376\377\004\023\004\126\004\077\004\065\004\100\004\061\004\076\004\073\004\126\004\107\004\075\004\126\000\040\004\104\004\103\004\075\004\072\004\106\004\126\004\127}{section.2}% 7
\BOOKMARK [2][-]{subsection.2.2}{\376\377\004\037\004\076\004\073\004\117\004\100\004\075\004\126\000\040\004\072\004\076\004\076\004\100\004\064\004\070\004\075\004\060\004\102\004\070}{section.2}% 8
\BOOKMARK [2][-]{subsection.2.3}{\376\377\004\037\004\100\004\076\000\040\004\062\004\126\004\064\004\076\004\061\004\100\004\060\004\066\004\065\004\075\004\075\004\117}{section.2}% 9
\BOOKMARK [2][-]{subsection.2.4}{\376\377\004\037\004\100\004\070\004\075\004\106\004\070\004\077\000\040\004\074\004\060\004\102\004\065\004\074\004\060\004\102\004\070\004\107\004\075\004\076\004\127\000\040\004\126\004\075\004\064\004\103\004\072\004\106\004\126\004\127}{section.2}% 10
\BOOKMARK [2][-]{subsection.2.5}{\376\377\004\021\004\126\004\075\004\076\004\074\004\126\004\060\004\073\004\114\004\075\004\126\000\040\004\072\004\076\004\065\004\104\004\126\004\106\004\126\004\124\004\075\004\102\004\070\000,\000\040\004\061\004\126\004\075\004\076\004\074\000\040\004\035\004\114\004\116\004\102\004\076\004\075\004\060}{section.2}% 11
\BOOKMARK [1][-]{section.3}{\376\377\004\037\004\100\004\076\000\040\004\074\004\075\004\076\004\066\004\070\004\075\004\103\000\040\004\064\004\126\004\071\004\101\004\075\004\070\004\105\000\040\004\107\004\070\004\101\004\065\004\073}{}% 12
\BOOKMARK [2][-]{subsection.3.1}{\376\377\004\020\004\072\004\101\004\126\004\076\004\074\004\060\004\102\004\070\004\072\004\060}{section.3}% 13
\BOOKMARK [2][-]{subsection.3.2}{\376\377\004\042\004\076\004\107\004\072\004\076\004\062\004\126\000\040\004\074\004\065\004\066\004\126}{section.3}% 14
\BOOKMARK [2][-]{subsection.3.3}{\376\377\004\036\004\101\004\075\004\076\004\062\004\075\004\126\000\040\004\075\004\065\004\100\004\126\004\062\004\075\004\076\004\101\004\102\004\126}{section.3}% 15
\BOOKMARK [2][-]{subsection.3.4}{\376\377\004\020\004\072\004\101\004\126\004\076\004\074\004\060\000\040\004\020\004\100\004\105\004\126\004\074\004\065\004\064\004\060\000\040\004\102\004\060\000\040\004\076\004\101\004\075\004\076\004\062\004\075\004\126\000\040\004\075\004\060\004\101\004\073\004\126\004\064\004\072\004\070}{section.3}% 16
\BOOKMARK [2][-]{subsection.3.5}{\376\377\004\036\004\101\004\075\004\076\004\062\004\075\004\126\000\040\004\102\004\062\004\065\004\100\004\064\004\066\004\065\004\075\004\075\004\117\000\040\004\074\004\060\004\102\000.\000\040\004\060\004\075\004\060\004\073\004\126\004\067\004\103}{section.3}% 17
\BOOKMARK [1][-]{section.4}{\376\377\004\023\004\100\004\060\004\075\004\070\004\106\004\126\000\040\004\107\004\070\004\101\004\073\004\076\004\062\004\076\004\127\000\040\004\077\004\076\004\101\004\073\004\126\004\064\004\076\004\062\004\075\004\076\004\101\004\102\004\126}{}% 18
\BOOKMARK [2][-]{subsection.4.1}{\376\377\004\036\004\101\004\075\004\076\004\062\004\075\004\126\000\040\004\076\004\067\004\075\004\060\004\107\004\065\004\075\004\075\004\117}{section.4}% 19
\BOOKMARK [2][-]{subsection.4.2}{\376\377\004\035\004\065\004\101\004\072\004\126\004\075\004\107\004\065\004\075\004\075\004\076\000\040\004\074\004\060\004\073\004\126\000/\004\062\004\065\004\073\004\070\004\072\004\126\000\040\004\077\004\076\004\101\004\073\004\126\004\064\004\076\004\062\004\075\004\076\004\101\004\102\004\126}{section.4}% 20
\BOOKMARK [2][-]{subsection.4.3}{\376\377\004\035\004\065\004\100\004\126\004\062\004\075\004\076\004\101\004\102\004\126\000\040\004\062\000\040\004\063\004\100\004\060\004\075\004\070\004\106\004\117\004\105}{section.4}% 21
\BOOKMARK [2][-]{subsection.4.4}{\376\377\004\042\004\100\004\076\004\110\004\072\004\070\000\040\004\077\004\100\004\076\000\040\004\077\004\065\004\100\004\110\004\103\000\040\004\107\004\103\004\064\004\076\004\062\004\103\000\040\004\063\004\100\004\060\004\075\004\070\004\106\004\116}{section.4}% 22
\BOOKMARK [2][-]{subsection.4.5}{\376\377\004\034\004\076\004\075\004\076\004\102\004\076\004\075\004\075\004\126\000\040\004\077\004\076\004\101\004\073\004\126\004\064\004\076\004\062\004\075\004\076\004\101\004\102\004\126\000.\000\040\004\047\004\070\004\101\004\073\004\076\000\040\000e\000\040\004\102\004\060\000\040\004\102\004\100\004\076\004\110\004\072\004\070\000\040\004\077\004\100\004\076\000\040\004\064\004\100\004\103\004\063\004\103\000\040\004\107\004\103\004\064\004\076\004\062\004\103\000\040\004\063\004\100\004\060\004\075\004\070\004\106\004\116}{section.4}% 23
\BOOKMARK [2][-]{subsection.4.6}{\376\377\004\037\004\126\004\064\004\077\004\076\004\101\004\073\004\126\004\064\004\076\004\062\004\075\004\076\004\101\004\102\004\126}{section.4}% 24
\BOOKMARK [2][-]{subsection.4.7}{\376\377\004\044\004\103\004\075\004\064\004\060\004\074\004\065\004\075\004\102\004\060\004\073\004\114\004\075\004\060\000\040\004\077\004\076\004\101\004\073\004\126\004\064\004\076\004\062\004\075\004\126\004\101\004\102\004\114}{section.4}% 25
\BOOKMARK [2][-]{subsection.4.8}{\376\377\004\037\004\076\004\101\004\073\004\126\004\064\004\076\004\062\004\075\004\126\004\101\004\102\004\114\000\040\004\072\004\076\004\074\004\077\004\073\004\065\004\072\004\101\004\075\004\070\004\105\000\040\004\107\004\070\004\101\004\065\004\073}{section.4}% 26
\BOOKMARK [1][-]{section.5}{\376\377\004\023\004\100\004\060\004\075\004\070\004\106\004\126\000\040\004\104\004\103\004\075\004\072\004\106\004\126\004\127}{}% 27
\BOOKMARK [2][-]{subsection.5.1}{\376\377\004\036\004\101\004\075\004\076\004\062\004\075\004\126\000\040\004\076\004\067\004\075\004\060\004\107\004\065\004\075\004\075\004\117}{section.5}% 28
\BOOKMARK [2][-]{subsection.5.2}{\376\377\004\037\004\065\004\100\004\110\004\060\000\040\004\107\004\103\004\064\004\076\004\062\004\060\000\040\004\063\004\100\004\060\004\075\004\070\004\106\004\117}{section.5}% 29
\BOOKMARK [2][-]{subsection.5.3}{\376\377\004\024\004\100\004\103\004\063\004\060\000\040\004\107\004\103\004\064\004\076\004\062\004\060\000\040\004\063\004\100\004\060\004\075\004\070\004\106\004\117}{section.5}% 30
\BOOKMARK [2][-]{subsection.5.4}{\376\377\004\036\004\064\004\075\004\076\004\101\004\102\004\076\004\100\004\076\004\075\004\075\004\126\000\040\004\063\004\100\004\060\004\075\004\070\004\106\004\126\000\040\004\102\004\060\000\040\004\063\004\100\004\060\004\075\004\070\004\106\004\126\000\040\004\074\004\076\004\075\004\076\004\102\004\076\004\075\004\075\004\070\004\105\000\040\004\104\004\103\004\075\004\072\004\106\004\126\004\071}{section.5}% 31
\BOOKMARK [2][-]{subsection.5.5}{\376\377\004\037\004\076\004\100\004\126\004\062\004\075\004\117\004\075\004\075\004\117\000\040\004\104\004\103\004\075\004\072\004\106\004\126\004\071\000,\000\040\004\062\004\126\004\064\004\075\004\076\004\110\004\065\004\075\004\075\004\117\000\040\004\036\000-\004\062\004\065\004\073\004\070\004\072\004\065\000,\000\040\004\076\000-\004\074\004\060\004\073\004\065\004\075\004\114\004\072\004\065\000\040\004\102\004\060\000\040\004\065\004\072\004\062\004\126\004\062\004\060\004\073\004\065\004\075\004\102\004\075\004\076\004\101\004\102\004\126}{section.5}% 32
\BOOKMARK [1][-]{section.6}{\376\377\004\035\004\065\004\077\004\065\004\100\004\065\004\100\004\062\004\075\004\126\004\101\004\102\004\114\000\040\004\104\004\103\004\075\004\072\004\106\004\126\004\127}{}% 33
\BOOKMARK [2][-]{subsection.6.1}{\376\377\004\035\004\065\004\077\004\065\004\100\004\065\004\100\004\062\004\075\004\126\004\101\004\102\004\114\000\040\004\062\000\040\004\102\004\076\004\107\004\106\004\126}{section.6}% 34
\BOOKMARK [2][-]{subsection.6.2}{\376\377\004\035\004\065\004\077\004\065\004\100\004\065\004\100\004\062\004\075\004\126\004\101\004\102\004\114\000\040\004\065\004\073\004\065\004\074\004\065\004\075\004\102\004\060\004\100\004\075\004\070\004\105\000\040\004\104\004\103\004\075\004\072\004\106\004\126\004\071}{section.6}% 35
\BOOKMARK [2][-]{subsection.6.3}{\376\377\004\035\004\065\004\077\004\065\004\100\004\065\004\100\004\062\004\075\004\126\004\101\004\102\004\114\000\040\004\104\004\103\004\075\004\072\004\106\004\126\004\127\000\040\004\075\004\060\000\040\004\062\004\126\004\064\004\100\004\126\004\067\004\072\004\103\000/\004\126\004\075\004\102\004\065\004\100\004\062\004\060\004\073\004\126}{section.6}% 36
\BOOKMARK [2][-]{subsection.6.4}{\376\377\004\040\004\126\004\062\004\075\004\076\004\074\004\126\004\100\004\075\004\060\000\040\004\075\004\065\004\077\004\065\004\100\004\065\004\100\004\062\004\075\004\126\004\101\004\102\004\114}{section.6}% 37
\BOOKMARK [1][-]{section.7}{\376\377\004\024\004\070\004\104\004\065\004\100\004\065\004\075\004\106\004\126\004\116\004\062\004\060\004\075\004\075\004\117}{}% 38
\BOOKMARK [2][-]{subsection.7.1}{\376\377\004\036\004\101\004\075\004\076\004\062\004\075\004\126\000\040\004\076\004\067\004\075\004\060\004\107\004\065\004\075\004\075\004\117}{section.7}% 39
\BOOKMARK [2][-]{subsection.7.2}{\376\377\004\024\004\076\004\102\004\070\004\107\004\075\004\060\000\040\004\102\004\060\000\040\004\075\004\076\004\100\004\074\004\060\004\073\004\114\000\040\004\064\004\076\000\040\004\063\004\100\004\060\004\104\004\126\004\072\004\103\000\040\004\104\004\103\004\075\004\072\004\106\004\126\004\127}{section.7}% 40
\BOOKMARK [2][-]{subsection.7.3}{\376\377\004\037\004\100\004\070\004\061\004\073\004\070\004\067\004\075\004\065\000\040\004\076\004\061\004\107\004\070\004\101\004\073\004\065\004\075\004\075\004\117\000\040\004\067\004\075\004\060\004\107\004\065\004\075\004\114\000\040\004\064\004\073\004\117\000\040\004\064\004\070\004\104\004\065\004\100\004\065\004\075\004\106\004\126\004\071\004\076\004\062\004\060\004\075\004\070\004\105\000\040\004\104\004\103\004\075\004\072\004\106\004\126\004\071}{section.7}% 41
\BOOKMARK [2][-]{subsection.7.4}{\376\377\004\024\004\070\004\104\004\065\004\100\004\065\004\075\004\106\004\126\004\060\004\073\000\040\004\104\004\103\004\075\004\072\004\106\004\126\004\127}{section.7}% 42
\BOOKMARK [2][-]{subsection.7.5}{\376\377\004\037\004\076\004\105\004\126\004\064\004\075\004\126\000\040\004\077\004\076\000\040\004\076\004\064\004\070\004\075\000\040\004\061\004\126\004\072}{section.7}% 43
\BOOKMARK [2][-]{subsection.7.6}{\376\377\004\006\004\075\004\062\004\060\004\100\004\126\004\060\004\075\004\102\004\075\004\126\004\101\004\102\004\114\000\040\004\104\004\076\004\100\004\074\004\070\000\040\004\077\004\065\004\100\004\110\004\076\004\063\004\076\000\040\004\064\004\070\004\104\004\065\004\100\004\065\004\075\004\106\004\126\004\060\004\073\004\103}{section.7}% 44
\BOOKMARK [2][-]{subsection.7.7}{\376\377\004\037\004\076\004\105\004\126\004\064\004\075\004\060\000\040\004\062\004\126\004\064\000\040\004\077\004\060\004\100\004\060\004\074\004\065\004\102\004\100\004\070\004\107\004\075\004\076\000\040\004\067\004\060\004\064\004\060\004\075\004\076\004\127\000\040\004\104\004\103\004\075\004\072\004\106\004\126\004\127}{section.7}% 45
\BOOKMARK [2][-]{subsection.7.8}{\376\377\004\037\004\076\004\105\004\126\004\064\004\075\004\060\000\040\004\062\004\070\004\111\004\070\004\105\000\040\004\077\004\076\004\100\004\117\004\064\004\072\004\126\004\062}{section.7}% 46
\BOOKMARK [2][-]{subsection.7.9}{\376\377\004\036\004\101\004\075\004\076\004\062\004\075\004\126\000\040\004\102\004\065\004\076\004\100\004\065\004\074\004\070}{section.7}% 47
\BOOKMARK [2][-]{subsection.7.10}{\376\377\004\024\004\076\004\101\004\073\004\126\004\064\004\066\004\065\004\075\004\075\004\117\000\040\004\104\004\103\004\075\004\072\004\106\004\126\004\127\000\040\004\075\004\060\000\040\004\074\004\076\004\075\004\076\004\102\004\076\004\075\004\075\004\126\004\101\004\102\004\114}{section.7}% 48
\BOOKMARK [2][-]{subsection.7.11}{\376\377\004\025\004\072\004\101\004\102\004\100\004\065\004\074\004\103\004\074\004\070\000\040\004\104\004\103\004\075\004\072\004\106\004\126\004\127}{section.7}% 49
\BOOKMARK [3][-]{subsubsection.7.11.1}{\376\377\004\033\004\076\004\072\004\060\004\073\004\114\004\075\004\126}{subsection.7.11}% 50
\BOOKMARK [3][-]{subsubsection.7.11.2}{\376\377\004\023\004\073\004\076\004\061\004\060\004\073\004\114\004\075\004\126}{subsection.7.11}% 51
\BOOKMARK [2][-]{subsection.7.12}{\376\377\004\044\004\076\004\100\004\074\004\103\004\073\004\060\000\040\004\042\004\065\004\071\004\073\004\076\004\100\004\060\000\040\004\102\004\060\000\040\004\077\004\100\004\060\004\062\004\070\004\073\004\060\000\040\004\033\004\076\004\077\004\126\004\102\004\060\004\073\004\117}{section.7}% 52
\BOOKMARK [2][-]{subsection.7.13}{\376\377\004\036\004\077\004\103\004\072\004\073\004\126\000\040\004\104\004\103\004\075\004\072\004\106\004\126\004\127}{section.7}% 53
\BOOKMARK [2][-]{subsection.7.14}{\376\377\004\020\004\101\004\070\004\074\004\077\004\102\004\076\004\102\004\070\000\040\004\104\004\103\004\075\004\072\004\106\004\126\004\127}{section.7}% 54
\BOOKMARK [2][-]{subsection.7.15}{\376\377\004\024\004\076\004\101\004\073\004\126\004\064\004\066\004\065\004\075\004\075\004\117\000\040\004\063\004\100\004\060\004\104\004\126\004\072\004\126\004\062\000\040\004\104\004\103\004\075\004\072\004\106\004\126\004\127}{section.7}% 55
